<?xml version="1.0" encoding="UTF-8"?>
<testsuite xmlns:xsi="http://www.w3.org/2001/XMLSchema-instance" xsi:noNamespaceSchemaLocation="https://maven.apache.org/surefire/maven-surefire-plugin/xsd/surefire-test-report.xsd" name="com.converge.projectEARF.AppTest" time="123.172" tests="8" errors="0" skipped="0" failures="0">
  <properties>
    <property name="sun.desktop" value="windows"/>
    <property name="awt.toolkit" value="sun.awt.windows.WToolkit"/>
    <property name="java.specification.version" value="11"/>
    <property name="sun.cpu.isalist" value="amd64"/>
    <property name="sun.jnu.encoding" value="Cp1252"/>
    <property name="java.class.path" value="C:\Users\p.alakeem.abdulla\projectEARF\target\test-classes;C:\Users\p.alakeem.abdulla\projectEARF\target\classes;C:\Users\p.alakeem.abdulla\.m2\repository\commons-io\commons-io\2.11.0\commons-io-2.11.0.jar;C:\Users\p.alakeem.abdulla\.m2\repository\org\apache\pdfbox\pdfbox\1.8.1\pdfbox-1.8.1.jar;C:\Users\p.alakeem.abdulla\.m2\repository\org\apache\pdfbox\fontbox\1.8.1\fontbox-1.8.1.jar;C:\Users\p.alakeem.abdulla\.m2\repository\org\apache\pdfbox\jempbox\1.8.1\jempbox-1.8.1.jar;C:\Users\p.alakeem.abdulla\.m2\repository\commons-logging\commons-logging\1.1.1\commons-logging-1.1.1.jar;C:\Users\p.alakeem.abdulla\.m2\repository\org\seleniumhq\selenium\selenium-java\3.141.59\selenium-java-3.141.59.jar;C:\Users\p.alakeem.abdulla\.m2\repository\org\seleniumhq\selenium\selenium-api\3.141.59\selenium-api-3.141.59.jar;C:\Users\p.alakeem.abdulla\.m2\repository\org\seleniumhq\selenium\selenium-chrome-driver\3.141.59\selenium-chrome-driver-3.141.59.jar;C:\Users\p.alakeem.abdulla\.m2\repository\org\seleniumhq\selenium\selenium-edge-driver\3.141.59\selenium-edge-driver-3.141.59.jar;C:\Users\p.alakeem.abdulla\.m2\repository\org\seleniumhq\selenium\selenium-firefox-driver\3.141.59\selenium-firefox-driver-3.141.59.jar;C:\Users\p.alakeem.abdulla\.m2\repository\org\seleniumhq\selenium\selenium-ie-driver\3.141.59\selenium-ie-driver-3.141.59.jar;C:\Users\p.alakeem.abdulla\.m2\repository\org\seleniumhq\selenium\selenium-opera-driver\3.141.59\selenium-opera-driver-3.141.59.jar;C:\Users\p.alakeem.abdulla\.m2\repository\org\seleniumhq\selenium\selenium-remote-driver\3.141.59\selenium-remote-driver-3.141.59.jar;C:\Users\p.alakeem.abdulla\.m2\repository\org\seleniumhq\selenium\selenium-safari-driver\3.141.59\selenium-safari-driver-3.141.59.jar;C:\Users\p.alakeem.abdulla\.m2\repository\org\seleniumhq\selenium\selenium-support\3.141.59\selenium-support-3.141.59.jar;C:\Users\p.alakeem.abdulla\.m2\repository\net\bytebuddy\byte-buddy\1.8.15\byte-buddy-1.8.15.jar;C:\Users\p.alakeem.abdulla\.m2\repository\org\apache\commons\commons-exec\1.3\commons-exec-1.3.jar;C:\Users\p.alakeem.abdulla\.m2\repository\com\google\guava\guava\25.0-jre\guava-25.0-jre.jar;C:\Users\p.alakeem.abdulla\.m2\repository\com\google\code\findbugs\jsr305\1.3.9\jsr305-1.3.9.jar;C:\Users\p.alakeem.abdulla\.m2\repository\org\checkerframework\checker-compat-qual\2.0.0\checker-compat-qual-2.0.0.jar;C:\Users\p.alakeem.abdulla\.m2\repository\com\google\errorprone\error_prone_annotations\2.1.3\error_prone_annotations-2.1.3.jar;C:\Users\p.alakeem.abdulla\.m2\repository\com\google\j2objc\j2objc-annotations\1.1\j2objc-annotations-1.1.jar;C:\Users\p.alakeem.abdulla\.m2\repository\org\codehaus\mojo\animal-sniffer-annotations\1.14\animal-sniffer-annotations-1.14.jar;C:\Users\p.alakeem.abdulla\.m2\repository\com\squareup\okhttp3\okhttp\3.11.0\okhttp-3.11.0.jar;C:\Users\p.alakeem.abdulla\.m2\repository\com\squareup\okio\okio\1.14.0\okio-1.14.0.jar;C:\Users\p.alakeem.abdulla\.m2\repository\org\testng\testng\7.4.0\testng-7.4.0.jar;C:\Users\p.alakeem.abdulla\.m2\repository\com\beust\jcommander\1.78\jcommander-1.78.jar;C:\Users\p.alakeem.abdulla\.m2\repository\org\webjars\jquery\3.5.1\jquery-3.5.1.jar;C:\Users\p.alakeem.abdulla\.m2\repository\io\github\bonigarcia\webdrivermanager\5.0.3\webdrivermanager-5.0.3.jar;C:\Users\p.alakeem.abdulla\.m2\repository\org\slf4j\slf4j-api\1.7.32\slf4j-api-1.7.32.jar;C:\Users\p.alakeem.abdulla\.m2\repository\com\google\code\gson\gson\2.8.8\gson-2.8.8.jar;C:\Users\p.alakeem.abdulla\.m2\repository\org\jsoup\jsoup\1.14.2\jsoup-1.14.2.jar;C:\Users\p.alakeem.abdulla\.m2\repository\com\github\docker-java\docker-java\3.2.12\docker-java-3.2.12.jar;C:\Users\p.alakeem.abdulla\.m2\repository\com\github\docker-java\docker-java-core\3.2.12\docker-java-core-3.2.12.jar;C:\Users\p.alakeem.abdulla\.m2\repository\com\github\docker-java\docker-java-api\3.2.12\docker-java-api-3.2.12.jar;C:\Users\p.alakeem.abdulla\.m2\repository\com\fasterxml\jackson\core\jackson-annotations\2.10.3\jackson-annotations-2.10.3.jar;C:\Users\p.alakeem.abdulla\.m2\repository\commons-lang\commons-lang\2.6\commons-lang-2.6.jar;C:\Users\p.alakeem.abdulla\.m2\repository\com\fasterxml\jackson\core\jackson-databind\2.10.3\jackson-databind-2.10.3.jar;C:\Users\p.alakeem.abdulla\.m2\repository\com\fasterxml\jackson\core\jackson-core\2.10.3\jackson-core-2.10.3.jar;C:\Users\p.alakeem.abdulla\.m2\repository\org\slf4j\jcl-over-slf4j\1.7.30\jcl-over-slf4j-1.7.30.jar;C:\Users\p.alakeem.abdulla\.m2\repository\com\github\docker-java\docker-java-transport-httpclient5\3.2.12\docker-java-transport-httpclient5-3.2.12.jar;C:\Users\p.alakeem.abdulla\.m2\repository\com\github\docker-java\docker-java-transport\3.2.12\docker-java-transport-3.2.12.jar;C:\Users\p.alakeem.abdulla\.m2\repository\org\apache\httpcomponents\client5\httpclient5\5.0.3\httpclient5-5.0.3.jar;C:\Users\p.alakeem.abdulla\.m2\repository\org\apache\httpcomponents\core5\httpcore5\5.0.2\httpcore5-5.0.2.jar;C:\Users\p.alakeem.abdulla\.m2\repository\net\java\dev\jna\jna\5.8.0\jna-5.8.0.jar;C:\Users\p.alakeem.abdulla\.m2\repository\org\brotli\dec\0.1.2\dec-0.1.2.jar;C:\Users\p.alakeem.abdulla\.m2\repository\com\relevantcodes\extentreports\2.41.2\extentreports-2.41.2.jar;C:\Users\p.alakeem.abdulla\.m2\repository\org\xerial\sqlite-jdbc\3.8.11.1\sqlite-jdbc-3.8.11.1.jar;C:\Users\p.alakeem.abdulla\.m2\repository\org\mongodb\mongodb-driver\3.0.4\mongodb-driver-3.0.4.jar;C:\Users\p.alakeem.abdulla\.m2\repository\org\mongodb\bson\3.0.4\bson-3.0.4.jar;C:\Users\p.alakeem.abdulla\.m2\repository\org\mongodb\mongodb-driver-core\3.0.4\mongodb-driver-core-3.0.4.jar;C:\Users\p.alakeem.abdulla\.m2\repository\org\freemarker\freemarker\2.3.30\freemarker-2.3.30.jar;C:\Users\p.alakeem.abdulla\.m2\repository\com\aventstack\extentreports\5.0.9\extentreports-5.0.9.jar;C:\Users\p.alakeem.abdulla\.m2\repository\io\reactivex\rxjava3\rxjava\3.0.4\rxjava-3.0.4.jar;C:\Users\p.alakeem.abdulla\.m2\repository\org\reactivestreams\reactive-streams\1.0.3\reactive-streams-1.0.3.jar;C:\Users\p.alakeem.abdulla\.m2\repository\org\projectlombok\lombok\1.18.12\lombok-1.18.12.jar;C:\Users\p.alakeem.abdulla\.m2\repository\com\googlecode\json-simple\json-simple\1.1.1\json-simple-1.1.1.jar;C:\Users\p.alakeem.abdulla\.m2\repository\org\apache\poi\poi\4.1.0\poi-4.1.0.jar;C:\Users\p.alakeem.abdulla\.m2\repository\commons-codec\commons-codec\1.12\commons-codec-1.12.jar;C:\Users\p.alakeem.abdulla\.m2\repository\org\apache\commons\commons-collections4\4.3\commons-collections4-4.3.jar;C:\Users\p.alakeem.abdulla\.m2\repository\org\apache\commons\commons-math3\3.6.1\commons-math3-3.6.1.jar;C:\Users\p.alakeem.abdulla\.m2\repository\org\apache\poi\poi-ooxml\4.1.0\poi-ooxml-4.1.0.jar;C:\Users\p.alakeem.abdulla\.m2\repository\org\apache\poi\poi-ooxml-schemas\4.1.0\poi-ooxml-schemas-4.1.0.jar;C:\Users\p.alakeem.abdulla\.m2\repository\org\apache\xmlbeans\xmlbeans\3.1.0\xmlbeans-3.1.0.jar;C:\Users\p.alakeem.abdulla\.m2\repository\org\apache\commons\commons-compress\1.18\commons-compress-1.18.jar;C:\Users\p.alakeem.abdulla\.m2\repository\com\github\virtuald\curvesapi\1.06\curvesapi-1.06.jar;C:\Users\p.alakeem.abdulla\.m2\repository\org\apache\poi\poi-scratchpad\4.1.0\poi-scratchpad-4.1.0.jar;C:\Users\p.alakeem.abdulla\.m2\repository\org\seleniumhq\selenium\htmlunit-driver\3.55.0\htmlunit-driver-3.55.0.jar;C:\Users\p.alakeem.abdulla\.m2\repository\net\sourceforge\htmlunit\htmlunit\2.55.0\htmlunit-2.55.0.jar;C:\Users\p.alakeem.abdulla\.m2\repository\xalan\xalan\2.7.2\xalan-2.7.2.jar;C:\Users\p.alakeem.abdulla\.m2\repository\xalan\serializer\2.7.2\serializer-2.7.2.jar;C:\Users\p.alakeem.abdulla\.m2\repository\org\apache\commons\commons-lang3\3.12.0\commons-lang3-3.12.0.jar;C:\Users\p.alakeem.abdulla\.m2\repository\org\apache\commons\commons-text\1.9\commons-text-1.9.jar;C:\Users\p.alakeem.abdulla\.m2\repository\org\apache\httpcomponents\httpmime\4.5.13\httpmime-4.5.13.jar;C:\Users\p.alakeem.abdulla\.m2\repository\org\apache\httpcomponents\httpclient\4.5.13\httpclient-4.5.13.jar;C:\Users\p.alakeem.abdulla\.m2\repository\org\apache\httpcomponents\httpcore\4.4.13\httpcore-4.4.13.jar;C:\Users\p.alakeem.abdulla\.m2\repository\net\sourceforge\htmlunit\htmlunit-core-js\2.55.0\htmlunit-core-js-2.55.0.jar;C:\Users\p.alakeem.abdulla\.m2\repository\net\sourceforge\htmlunit\neko-htmlunit\2.55.0\neko-htmlunit-2.55.0.jar;C:\Users\p.alakeem.abdulla\.m2\repository\xerces\xercesImpl\2.12.1\xercesImpl-2.12.1.jar;C:\Users\p.alakeem.abdulla\.m2\repository\xml-apis\xml-apis\1.4.01\xml-apis-1.4.01.jar;C:\Users\p.alakeem.abdulla\.m2\repository\net\sourceforge\htmlunit\htmlunit-cssparser\1.10.0\htmlunit-cssparser-1.10.0.jar;C:\Users\p.alakeem.abdulla\.m2\repository\commons-net\commons-net\3.8.0\commons-net-3.8.0.jar;C:\Users\p.alakeem.abdulla\.m2\repository\com\shapesecurity\salvation2\3.0.0\salvation2-3.0.0.jar;C:\Users\p.alakeem.abdulla\.m2\repository\org\eclipse\jetty\websocket\websocket-client\9.4.44.v20210927\websocket-client-9.4.44.v20210927.jar;C:\Users\p.alakeem.abdulla\.m2\repository\org\eclipse\jetty\jetty-client\9.4.44.v20210927\jetty-client-9.4.44.v20210927.jar;C:\Users\p.alakeem.abdulla\.m2\repository\org\eclipse\jetty\jetty-http\9.4.44.v20210927\jetty-http-9.4.44.v20210927.jar;C:\Users\p.alakeem.abdulla\.m2\repository\org\eclipse\jetty\jetty-util\9.4.44.v20210927\jetty-util-9.4.44.v20210927.jar;C:\Users\p.alakeem.abdulla\.m2\repository\org\eclipse\jetty\jetty-io\9.4.44.v20210927\jetty-io-9.4.44.v20210927.jar;C:\Users\p.alakeem.abdulla\.m2\repository\org\eclipse\jetty\websocket\websocket-common\9.4.44.v20210927\websocket-common-9.4.44.v20210927.jar;C:\Users\p.alakeem.abdulla\.m2\repository\org\eclipse\jetty\websocket\websocket-api\9.4.44.v20210927\websocket-api-9.4.44.v20210927.jar;C:\Users\p.alakeem.abdulla\.m2\repository\net\sourceforge\jexcelapi\jxl\2.6.12\jxl-2.6.12.jar;C:\Users\p.alakeem.abdulla\.m2\repository\log4j\log4j\1.2.14\log4j-1.2.14.jar;C:\Users\p.alakeem.abdulla\.m2\repository\com\sikulix\sikulixapi\2.0.5\sikulixapi-2.0.5.jar;C:\Users\p.alakeem.abdulla\.m2\repository\org\python\jython-slim\2.7.2\jython-slim-2.7.2.jar;C:\Users\p.alakeem.abdulla\.m2\repository\org\antlr\antlr\3.5.2\antlr-3.5.2.jar;C:\Users\p.alakeem.abdulla\.m2\repository\org\antlr\ST4\4.0.8\ST4-4.0.8.jar;C:\Users\p.alakeem.abdulla\.m2\repository\javax\servlet\javax.servlet-api\3.1.0\javax.servlet-api-3.1.0.jar;C:\Users\p.alakeem.abdulla\.m2\repository\org\antlr\antlr-runtime\3.5.2\antlr-runtime-3.5.2.jar;C:\Users\p.alakeem.abdulla\.m2\repository\org\bouncycastle\bcpkix-jdk15on\1.62\bcpkix-jdk15on-1.62.jar;C:\Users\p.alakeem.abdulla\.m2\repository\org\bouncycastle\bcprov-jdk15on\1.62\bcprov-jdk15on-1.62.jar;C:\Users\p.alakeem.abdulla\.m2\repository\org\ow2\asm\asm\7.1\asm-7.1.jar;C:\Users\p.alakeem.abdulla\.m2\repository\org\ow2\asm\asm-commons\7.1\asm-commons-7.1.jar;C:\Users\p.alakeem.abdulla\.m2\repository\org\ow2\asm\asm-tree\7.1\asm-tree-7.1.jar;C:\Users\p.alakeem.abdulla\.m2\repository\org\ow2\asm\asm-analysis\7.1\asm-analysis-7.1.jar;C:\Users\p.alakeem.abdulla\.m2\repository\org\ow2\asm\asm-util\7.1\asm-util-7.1.jar;C:\Users\p.alakeem.abdulla\.m2\repository\com\google\guava\failureaccess\1.0.1\failureaccess-1.0.1.jar;C:\Users\p.alakeem.abdulla\.m2\repository\com\ibm\icu\icu4j\59.1\icu4j-59.1.jar;C:\Users\p.alakeem.abdulla\.m2\repository\com\carrotsearch\java-sizeof\0.0.5\java-sizeof-0.0.5.jar;C:\Users\p.alakeem.abdulla\.m2\repository\com\github\jnr\jffi\1.2.20\jffi-1.2.20.jar;C:\Users\p.alakeem.abdulla\.m2\repository\com\github\jnr\jnr-netdb\1.1.6\jnr-netdb-1.1.6.jar;C:\Users\p.alakeem.abdulla\.m2\repository\com\github\jnr\jnr-ffi\2.1.10\jnr-ffi-2.1.10.jar;C:\Users\p.alakeem.abdulla\.m2\repository\com\github\jnr\jffi\1.2.19\jffi-1.2.19-native.jar;C:\Users\p.alakeem.abdulla\.m2\repository\com\github\jnr\jnr-a64asm\1.0.0\jnr-a64asm-1.0.0.jar;C:\Users\p.alakeem.abdulla\.m2\repository\com\github\jnr\jnr-x86asm\1.0.2\jnr-x86asm-1.0.2.jar;C:\Users\p.alakeem.abdulla\.m2\repository\com\github\jnr\jnr-posix\3.0.50\jnr-posix-3.0.50.jar;C:\Users\p.alakeem.abdulla\.m2\repository\com\github\jnr\jnr-constants\0.9.12\jnr-constants-0.9.12.jar;C:\Users\p.alakeem.abdulla\.m2\repository\jline\jline\2.14.5\jline-2.14.5.jar;C:\Users\p.alakeem.abdulla\.m2\repository\io\netty\netty-buffer\4.1.45.Final\netty-buffer-4.1.45.Final.jar;C:\Users\p.alakeem.abdulla\.m2\repository\io\netty\netty-codec\4.1.45.Final\netty-codec-4.1.45.Final.jar;C:\Users\p.alakeem.abdulla\.m2\repository\io\netty\netty-common\4.1.45.Final\netty-common-4.1.45.Final.jar;C:\Users\p.alakeem.abdulla\.m2\repository\io\netty\netty-handler\4.1.45.Final\netty-handler-4.1.45.Final.jar;C:\Users\p.alakeem.abdulla\.m2\repository\io\netty\netty-resolver\4.1.45.Final\netty-resolver-4.1.45.Final.jar;C:\Users\p.alakeem.abdulla\.m2\repository\io\netty\netty-transport\4.1.45.Final\netty-transport-4.1.45.Final.jar;C:\Users\p.alakeem.abdulla\.m2\repository\org\apache\ant\ant\1.9.7\ant-1.9.7.jar;C:\Users\p.alakeem.abdulla\.m2\repository\org\apache\ant\ant-launcher\1.9.7\ant-launcher-1.9.7.jar;C:\Users\p.alakeem.abdulla\.m2\repository\com\sikulix\sikulix2tigervnc\1.1.4\sikulix2tigervnc-1.1.4.jar;C:\Users\p.alakeem.abdulla\.m2\repository\org\openpnp\opencv\4.3.0-3\opencv-4.3.0-3.jar;C:\Users\p.alakeem.abdulla\.m2\repository\commons-cli\commons-cli\1.4\commons-cli-1.4.jar;C:\Users\p.alakeem.abdulla\.m2\repository\net\java\dev\jna\jna-platform\5.6.0\jna-platform-5.6.0.jar;C:\Users\p.alakeem.abdulla\.m2\repository\net\oneandone\reflections8\reflections8\0.11.6\reflections8-0.11.6.jar;C:\Users\p.alakeem.abdulla\.m2\repository\org\javassist\javassist\3.22.0-GA\javassist-3.22.0-GA.jar;C:\Users\p.alakeem.abdulla\.m2\repository\net\sourceforge\tess4j\tess4j\4.5.4\tess4j-4.5.4.jar;C:\Users\p.alakeem.abdulla\.m2\repository\com\github\jai-imageio\jai-imageio-core\1.4.0\jai-imageio-core-1.4.0.jar;C:\Users\p.alakeem.abdulla\.m2\repository\org\ghost4j\ghost4j\1.0.1\ghost4j-1.0.1.jar;C:\Users\p.alakeem.abdulla\.m2\repository\commons-beanutils\commons-beanutils\1.9.2\commons-beanutils-1.9.2.jar;C:\Users\p.alakeem.abdulla\.m2\repository\commons-collections\commons-collections\3.2.1\commons-collections-3.2.1.jar;C:\Users\p.alakeem.abdulla\.m2\repository\org\apache\xmlgraphics\xmlgraphics-commons\1.4\xmlgraphics-commons-1.4.jar;C:\Users\p.alakeem.abdulla\.m2\repository\com\lowagie\itext\2.1.7\itext-2.1.7.jar;C:\Users\p.alakeem.abdulla\.m2\repository\org\apache\pdfbox\pdfbox-tools\2.0.21\pdfbox-tools-2.0.21.jar;C:\Users\p.alakeem.abdulla\.m2\repository\org\apache\pdfbox\pdfbox-debugger\2.0.21\pdfbox-debugger-2.0.21.jar;C:\Users\p.alakeem.abdulla\.m2\repository\org\apache\pdfbox\jbig2-imageio\3.0.3\jbig2-imageio-3.0.3.jar;C:\Users\p.alakeem.abdulla\.m2\repository\net\sourceforge\lept4j\lept4j\1.13.2\lept4j-1.13.2.jar;C:\Users\p.alakeem.abdulla\.m2\repository\org\jboss\jboss-vfs\3.2.15.Final\jboss-vfs-3.2.15.Final.jar;C:\Users\p.alakeem.abdulla\.m2\repository\org\jboss\logging\jboss-logging\3.1.4.GA\jboss-logging-3.1.4.GA.jar;C:\Users\p.alakeem.abdulla\.m2\repository\org\slf4j\slf4j-nop\1.7.28\slf4j-nop-1.7.28.jar;C:\Users\p.alakeem.abdulla\.m2\repository\net\sf\py4j\py4j\0.10.9.1\py4j-0.10.9.1.jar;C:\Users\p.alakeem.abdulla\.m2\repository\junit\junit\4.11\junit-4.11.jar;C:\Users\p.alakeem.abdulla\.m2\repository\org\hamcrest\hamcrest-core\1.3\hamcrest-core-1.3.jar;"/>
    <property name="java.vm.vendor" value="Oracle Corporation"/>
    <property name="sun.arch.data.model" value="64"/>
    <property name="user.variant" value=""/>
    <property name="java.vendor.url" value="https://openjdk.java.net/"/>
    <property name="user.timezone" value="Asia/Singapore"/>
    <property name="java.vm.specification.version" value="11"/>
    <property name="os.name" value="Windows 10"/>
    <property name="sun.java.launcher" value="SUN_STANDARD"/>
    <property name="user.country" value="PH"/>
    <property name="sun.boot.library.path" value="C:\Program Files\Java\jdk-11.0.15.1\bin"/>
    <property name="sun.java.command" value="C:\Users\PALAKE~1.ABD\AppData\Local\Temp\surefire1331321362775437605\surefirebooter2521389527604950306.jar C:\Users\p.alakeem.abdulla\AppData\Local\Temp\surefire1331321362775437605 2022-06-15T16-23-14_365-jvmRun1 surefire12471125576298450973tmp surefire_06328072632926186239tmp"/>
    <property name="jdk.debug" value="release"/>
    <property name="surefire.test.class.path" value="C:\Users\p.alakeem.abdulla\projectEARF\target\test-classes;C:\Users\p.alakeem.abdulla\projectEARF\target\classes;C:\Users\p.alakeem.abdulla\.m2\repository\commons-io\commons-io\2.11.0\commons-io-2.11.0.jar;C:\Users\p.alakeem.abdulla\.m2\repository\org\apache\pdfbox\pdfbox\1.8.1\pdfbox-1.8.1.jar;C:\Users\p.alakeem.abdulla\.m2\repository\org\apache\pdfbox\fontbox\1.8.1\fontbox-1.8.1.jar;C:\Users\p.alakeem.abdulla\.m2\repository\org\apache\pdfbox\jempbox\1.8.1\jempbox-1.8.1.jar;C:\Users\p.alakeem.abdulla\.m2\repository\commons-logging\commons-logging\1.1.1\commons-logging-1.1.1.jar;C:\Users\p.alakeem.abdulla\.m2\repository\org\seleniumhq\selenium\selenium-java\3.141.59\selenium-java-3.141.59.jar;C:\Users\p.alakeem.abdulla\.m2\repository\org\seleniumhq\selenium\selenium-api\3.141.59\selenium-api-3.141.59.jar;C:\Users\p.alakeem.abdulla\.m2\repository\org\seleniumhq\selenium\selenium-chrome-driver\3.141.59\selenium-chrome-driver-3.141.59.jar;C:\Users\p.alakeem.abdulla\.m2\repository\org\seleniumhq\selenium\selenium-edge-driver\3.141.59\selenium-edge-driver-3.141.59.jar;C:\Users\p.alakeem.abdulla\.m2\repository\org\seleniumhq\selenium\selenium-firefox-driver\3.141.59\selenium-firefox-driver-3.141.59.jar;C:\Users\p.alakeem.abdulla\.m2\repository\org\seleniumhq\selenium\selenium-ie-driver\3.141.59\selenium-ie-driver-3.141.59.jar;C:\Users\p.alakeem.abdulla\.m2\repository\org\seleniumhq\selenium\selenium-opera-driver\3.141.59\selenium-opera-driver-3.141.59.jar;C:\Users\p.alakeem.abdulla\.m2\repository\org\seleniumhq\selenium\selenium-remote-driver\3.141.59\selenium-remote-driver-3.141.59.jar;C:\Users\p.alakeem.abdulla\.m2\repository\org\seleniumhq\selenium\selenium-safari-driver\3.141.59\selenium-safari-driver-3.141.59.jar;C:\Users\p.alakeem.abdulla\.m2\repository\org\seleniumhq\selenium\selenium-support\3.141.59\selenium-support-3.141.59.jar;C:\Users\p.alakeem.abdulla\.m2\repository\net\bytebuddy\byte-buddy\1.8.15\byte-buddy-1.8.15.jar;C:\Users\p.alakeem.abdulla\.m2\repository\org\apache\commons\commons-exec\1.3\commons-exec-1.3.jar;C:\Users\p.alakeem.abdulla\.m2\repository\com\google\guava\guava\25.0-jre\guava-25.0-jre.jar;C:\Users\p.alakeem.abdulla\.m2\repository\com\google\code\findbugs\jsr305\1.3.9\jsr305-1.3.9.jar;C:\Users\p.alakeem.abdulla\.m2\repository\org\checkerframework\checker-compat-qual\2.0.0\checker-compat-qual-2.0.0.jar;C:\Users\p.alakeem.abdulla\.m2\repository\com\google\errorprone\error_prone_annotations\2.1.3\error_prone_annotations-2.1.3.jar;C:\Users\p.alakeem.abdulla\.m2\repository\com\google\j2objc\j2objc-annotations\1.1\j2objc-annotations-1.1.jar;C:\Users\p.alakeem.abdulla\.m2\repository\org\codehaus\mojo\animal-sniffer-annotations\1.14\animal-sniffer-annotations-1.14.jar;C:\Users\p.alakeem.abdulla\.m2\repository\com\squareup\okhttp3\okhttp\3.11.0\okhttp-3.11.0.jar;C:\Users\p.alakeem.abdulla\.m2\repository\com\squareup\okio\okio\1.14.0\okio-1.14.0.jar;C:\Users\p.alakeem.abdulla\.m2\repository\org\testng\testng\7.4.0\testng-7.4.0.jar;C:\Users\p.alakeem.abdulla\.m2\repository\com\beust\jcommander\1.78\jcommander-1.78.jar;C:\Users\p.alakeem.abdulla\.m2\repository\org\webjars\jquery\3.5.1\jquery-3.5.1.jar;C:\Users\p.alakeem.abdulla\.m2\repository\io\github\bonigarcia\webdrivermanager\5.0.3\webdrivermanager-5.0.3.jar;C:\Users\p.alakeem.abdulla\.m2\repository\org\slf4j\slf4j-api\1.7.32\slf4j-api-1.7.32.jar;C:\Users\p.alakeem.abdulla\.m2\repository\com\google\code\gson\gson\2.8.8\gson-2.8.8.jar;C:\Users\p.alakeem.abdulla\.m2\repository\org\jsoup\jsoup\1.14.2\jsoup-1.14.2.jar;C:\Users\p.alakeem.abdulla\.m2\repository\com\github\docker-java\docker-java\3.2.12\docker-java-3.2.12.jar;C:\Users\p.alakeem.abdulla\.m2\repository\com\github\docker-java\docker-java-core\3.2.12\docker-java-core-3.2.12.jar;C:\Users\p.alakeem.abdulla\.m2\repository\com\github\docker-java\docker-java-api\3.2.12\docker-java-api-3.2.12.jar;C:\Users\p.alakeem.abdulla\.m2\repository\com\fasterxml\jackson\core\jackson-annotations\2.10.3\jackson-annotations-2.10.3.jar;C:\Users\p.alakeem.abdulla\.m2\repository\commons-lang\commons-lang\2.6\commons-lang-2.6.jar;C:\Users\p.alakeem.abdulla\.m2\repository\com\fasterxml\jackson\core\jackson-databind\2.10.3\jackson-databind-2.10.3.jar;C:\Users\p.alakeem.abdulla\.m2\repository\com\fasterxml\jackson\core\jackson-core\2.10.3\jackson-core-2.10.3.jar;C:\Users\p.alakeem.abdulla\.m2\repository\org\slf4j\jcl-over-slf4j\1.7.30\jcl-over-slf4j-1.7.30.jar;C:\Users\p.alakeem.abdulla\.m2\repository\com\github\docker-java\docker-java-transport-httpclient5\3.2.12\docker-java-transport-httpclient5-3.2.12.jar;C:\Users\p.alakeem.abdulla\.m2\repository\com\github\docker-java\docker-java-transport\3.2.12\docker-java-transport-3.2.12.jar;C:\Users\p.alakeem.abdulla\.m2\repository\org\apache\httpcomponents\client5\httpclient5\5.0.3\httpclient5-5.0.3.jar;C:\Users\p.alakeem.abdulla\.m2\repository\org\apache\httpcomponents\core5\httpcore5\5.0.2\httpcore5-5.0.2.jar;C:\Users\p.alakeem.abdulla\.m2\repository\net\java\dev\jna\jna\5.8.0\jna-5.8.0.jar;C:\Users\p.alakeem.abdulla\.m2\repository\org\brotli\dec\0.1.2\dec-0.1.2.jar;C:\Users\p.alakeem.abdulla\.m2\repository\com\relevantcodes\extentreports\2.41.2\extentreports-2.41.2.jar;C:\Users\p.alakeem.abdulla\.m2\repository\org\xerial\sqlite-jdbc\3.8.11.1\sqlite-jdbc-3.8.11.1.jar;C:\Users\p.alakeem.abdulla\.m2\repository\org\mongodb\mongodb-driver\3.0.4\mongodb-driver-3.0.4.jar;C:\Users\p.alakeem.abdulla\.m2\repository\org\mongodb\bson\3.0.4\bson-3.0.4.jar;C:\Users\p.alakeem.abdulla\.m2\repository\org\mongodb\mongodb-driver-core\3.0.4\mongodb-driver-core-3.0.4.jar;C:\Users\p.alakeem.abdulla\.m2\repository\org\freemarker\freemarker\2.3.30\freemarker-2.3.30.jar;C:\Users\p.alakeem.abdulla\.m2\repository\com\aventstack\extentreports\5.0.9\extentreports-5.0.9.jar;C:\Users\p.alakeem.abdulla\.m2\repository\io\reactivex\rxjava3\rxjava\3.0.4\rxjava-3.0.4.jar;C:\Users\p.alakeem.abdulla\.m2\repository\org\reactivestreams\reactive-streams\1.0.3\reactive-streams-1.0.3.jar;C:\Users\p.alakeem.abdulla\.m2\repository\org\projectlombok\lombok\1.18.12\lombok-1.18.12.jar;C:\Users\p.alakeem.abdulla\.m2\repository\com\googlecode\json-simple\json-simple\1.1.1\json-simple-1.1.1.jar;C:\Users\p.alakeem.abdulla\.m2\repository\org\apache\poi\poi\4.1.0\poi-4.1.0.jar;C:\Users\p.alakeem.abdulla\.m2\repository\commons-codec\commons-codec\1.12\commons-codec-1.12.jar;C:\Users\p.alakeem.abdulla\.m2\repository\org\apache\commons\commons-collections4\4.3\commons-collections4-4.3.jar;C:\Users\p.alakeem.abdulla\.m2\repository\org\apache\commons\commons-math3\3.6.1\commons-math3-3.6.1.jar;C:\Users\p.alakeem.abdulla\.m2\repository\org\apache\poi\poi-ooxml\4.1.0\poi-ooxml-4.1.0.jar;C:\Users\p.alakeem.abdulla\.m2\repository\org\apache\poi\poi-ooxml-schemas\4.1.0\poi-ooxml-schemas-4.1.0.jar;C:\Users\p.alakeem.abdulla\.m2\repository\org\apache\xmlbeans\xmlbeans\3.1.0\xmlbeans-3.1.0.jar;C:\Users\p.alakeem.abdulla\.m2\repository\org\apache\commons\commons-compress\1.18\commons-compress-1.18.jar;C:\Users\p.alakeem.abdulla\.m2\repository\com\github\virtuald\curvesapi\1.06\curvesapi-1.06.jar;C:\Users\p.alakeem.abdulla\.m2\repository\org\apache\poi\poi-scratchpad\4.1.0\poi-scratchpad-4.1.0.jar;C:\Users\p.alakeem.abdulla\.m2\repository\org\seleniumhq\selenium\htmlunit-driver\3.55.0\htmlunit-driver-3.55.0.jar;C:\Users\p.alakeem.abdulla\.m2\repository\net\sourceforge\htmlunit\htmlunit\2.55.0\htmlunit-2.55.0.jar;C:\Users\p.alakeem.abdulla\.m2\repository\xalan\xalan\2.7.2\xalan-2.7.2.jar;C:\Users\p.alakeem.abdulla\.m2\repository\xalan\serializer\2.7.2\serializer-2.7.2.jar;C:\Users\p.alakeem.abdulla\.m2\repository\org\apache\commons\commons-lang3\3.12.0\commons-lang3-3.12.0.jar;C:\Users\p.alakeem.abdulla\.m2\repository\org\apache\commons\commons-text\1.9\commons-text-1.9.jar;C:\Users\p.alakeem.abdulla\.m2\repository\org\apache\httpcomponents\httpmime\4.5.13\httpmime-4.5.13.jar;C:\Users\p.alakeem.abdulla\.m2\repository\org\apache\httpcomponents\httpclient\4.5.13\httpclient-4.5.13.jar;C:\Users\p.alakeem.abdulla\.m2\repository\org\apache\httpcomponents\httpcore\4.4.13\httpcore-4.4.13.jar;C:\Users\p.alakeem.abdulla\.m2\repository\net\sourceforge\htmlunit\htmlunit-core-js\2.55.0\htmlunit-core-js-2.55.0.jar;C:\Users\p.alakeem.abdulla\.m2\repository\net\sourceforge\htmlunit\neko-htmlunit\2.55.0\neko-htmlunit-2.55.0.jar;C:\Users\p.alakeem.abdulla\.m2\repository\xerces\xercesImpl\2.12.1\xercesImpl-2.12.1.jar;C:\Users\p.alakeem.abdulla\.m2\repository\xml-apis\xml-apis\1.4.01\xml-apis-1.4.01.jar;C:\Users\p.alakeem.abdulla\.m2\repository\net\sourceforge\htmlunit\htmlunit-cssparser\1.10.0\htmlunit-cssparser-1.10.0.jar;C:\Users\p.alakeem.abdulla\.m2\repository\commons-net\commons-net\3.8.0\commons-net-3.8.0.jar;C:\Users\p.alakeem.abdulla\.m2\repository\com\shapesecurity\salvation2\3.0.0\salvation2-3.0.0.jar;C:\Users\p.alakeem.abdulla\.m2\repository\org\eclipse\jetty\websocket\websocket-client\9.4.44.v20210927\websocket-client-9.4.44.v20210927.jar;C:\Users\p.alakeem.abdulla\.m2\repository\org\eclipse\jetty\jetty-client\9.4.44.v20210927\jetty-client-9.4.44.v20210927.jar;C:\Users\p.alakeem.abdulla\.m2\repository\org\eclipse\jetty\jetty-http\9.4.44.v20210927\jetty-http-9.4.44.v20210927.jar;C:\Users\p.alakeem.abdulla\.m2\repository\org\eclipse\jetty\jetty-util\9.4.44.v20210927\jetty-util-9.4.44.v20210927.jar;C:\Users\p.alakeem.abdulla\.m2\repository\org\eclipse\jetty\jetty-io\9.4.44.v20210927\jetty-io-9.4.44.v20210927.jar;C:\Users\p.alakeem.abdulla\.m2\repository\org\eclipse\jetty\websocket\websocket-common\9.4.44.v20210927\websocket-common-9.4.44.v20210927.jar;C:\Users\p.alakeem.abdulla\.m2\repository\org\eclipse\jetty\websocket\websocket-api\9.4.44.v20210927\websocket-api-9.4.44.v20210927.jar;C:\Users\p.alakeem.abdulla\.m2\repository\net\sourceforge\jexcelapi\jxl\2.6.12\jxl-2.6.12.jar;C:\Users\p.alakeem.abdulla\.m2\repository\log4j\log4j\1.2.14\log4j-1.2.14.jar;C:\Users\p.alakeem.abdulla\.m2\repository\com\sikulix\sikulixapi\2.0.5\sikulixapi-2.0.5.jar;C:\Users\p.alakeem.abdulla\.m2\repository\org\python\jython-slim\2.7.2\jython-slim-2.7.2.jar;C:\Users\p.alakeem.abdulla\.m2\repository\org\antlr\antlr\3.5.2\antlr-3.5.2.jar;C:\Users\p.alakeem.abdulla\.m2\repository\org\antlr\ST4\4.0.8\ST4-4.0.8.jar;C:\Users\p.alakeem.abdulla\.m2\repository\javax\servlet\javax.servlet-api\3.1.0\javax.servlet-api-3.1.0.jar;C:\Users\p.alakeem.abdulla\.m2\repository\org\antlr\antlr-runtime\3.5.2\antlr-runtime-3.5.2.jar;C:\Users\p.alakeem.abdulla\.m2\repository\org\bouncycastle\bcpkix-jdk15on\1.62\bcpkix-jdk15on-1.62.jar;C:\Users\p.alakeem.abdulla\.m2\repository\org\bouncycastle\bcprov-jdk15on\1.62\bcprov-jdk15on-1.62.jar;C:\Users\p.alakeem.abdulla\.m2\repository\org\ow2\asm\asm\7.1\asm-7.1.jar;C:\Users\p.alakeem.abdulla\.m2\repository\org\ow2\asm\asm-commons\7.1\asm-commons-7.1.jar;C:\Users\p.alakeem.abdulla\.m2\repository\org\ow2\asm\asm-tree\7.1\asm-tree-7.1.jar;C:\Users\p.alakeem.abdulla\.m2\repository\org\ow2\asm\asm-analysis\7.1\asm-analysis-7.1.jar;C:\Users\p.alakeem.abdulla\.m2\repository\org\ow2\asm\asm-util\7.1\asm-util-7.1.jar;C:\Users\p.alakeem.abdulla\.m2\repository\com\google\guava\failureaccess\1.0.1\failureaccess-1.0.1.jar;C:\Users\p.alakeem.abdulla\.m2\repository\com\ibm\icu\icu4j\59.1\icu4j-59.1.jar;C:\Users\p.alakeem.abdulla\.m2\repository\com\carrotsearch\java-sizeof\0.0.5\java-sizeof-0.0.5.jar;C:\Users\p.alakeem.abdulla\.m2\repository\com\github\jnr\jffi\1.2.20\jffi-1.2.20.jar;C:\Users\p.alakeem.abdulla\.m2\repository\com\github\jnr\jnr-netdb\1.1.6\jnr-netdb-1.1.6.jar;C:\Users\p.alakeem.abdulla\.m2\repository\com\github\jnr\jnr-ffi\2.1.10\jnr-ffi-2.1.10.jar;C:\Users\p.alakeem.abdulla\.m2\repository\com\github\jnr\jffi\1.2.19\jffi-1.2.19-native.jar;C:\Users\p.alakeem.abdulla\.m2\repository\com\github\jnr\jnr-a64asm\1.0.0\jnr-a64asm-1.0.0.jar;C:\Users\p.alakeem.abdulla\.m2\repository\com\github\jnr\jnr-x86asm\1.0.2\jnr-x86asm-1.0.2.jar;C:\Users\p.alakeem.abdulla\.m2\repository\com\github\jnr\jnr-posix\3.0.50\jnr-posix-3.0.50.jar;C:\Users\p.alakeem.abdulla\.m2\repository\com\github\jnr\jnr-constants\0.9.12\jnr-constants-0.9.12.jar;C:\Users\p.alakeem.abdulla\.m2\repository\jline\jline\2.14.5\jline-2.14.5.jar;C:\Users\p.alakeem.abdulla\.m2\repository\io\netty\netty-buffer\4.1.45.Final\netty-buffer-4.1.45.Final.jar;C:\Users\p.alakeem.abdulla\.m2\repository\io\netty\netty-codec\4.1.45.Final\netty-codec-4.1.45.Final.jar;C:\Users\p.alakeem.abdulla\.m2\repository\io\netty\netty-common\4.1.45.Final\netty-common-4.1.45.Final.jar;C:\Users\p.alakeem.abdulla\.m2\repository\io\netty\netty-handler\4.1.45.Final\netty-handler-4.1.45.Final.jar;C:\Users\p.alakeem.abdulla\.m2\repository\io\netty\netty-resolver\4.1.45.Final\netty-resolver-4.1.45.Final.jar;C:\Users\p.alakeem.abdulla\.m2\repository\io\netty\netty-transport\4.1.45.Final\netty-transport-4.1.45.Final.jar;C:\Users\p.alakeem.abdulla\.m2\repository\org\apache\ant\ant\1.9.7\ant-1.9.7.jar;C:\Users\p.alakeem.abdulla\.m2\repository\org\apache\ant\ant-launcher\1.9.7\ant-launcher-1.9.7.jar;C:\Users\p.alakeem.abdulla\.m2\repository\com\sikulix\sikulix2tigervnc\1.1.4\sikulix2tigervnc-1.1.4.jar;C:\Users\p.alakeem.abdulla\.m2\repository\org\openpnp\opencv\4.3.0-3\opencv-4.3.0-3.jar;C:\Users\p.alakeem.abdulla\.m2\repository\commons-cli\commons-cli\1.4\commons-cli-1.4.jar;C:\Users\p.alakeem.abdulla\.m2\repository\net\java\dev\jna\jna-platform\5.6.0\jna-platform-5.6.0.jar;C:\Users\p.alakeem.abdulla\.m2\repository\net\oneandone\reflections8\reflections8\0.11.6\reflections8-0.11.6.jar;C:\Users\p.alakeem.abdulla\.m2\repository\org\javassist\javassist\3.22.0-GA\javassist-3.22.0-GA.jar;C:\Users\p.alakeem.abdulla\.m2\repository\net\sourceforge\tess4j\tess4j\4.5.4\tess4j-4.5.4.jar;C:\Users\p.alakeem.abdulla\.m2\repository\com\github\jai-imageio\jai-imageio-core\1.4.0\jai-imageio-core-1.4.0.jar;C:\Users\p.alakeem.abdulla\.m2\repository\org\ghost4j\ghost4j\1.0.1\ghost4j-1.0.1.jar;C:\Users\p.alakeem.abdulla\.m2\repository\commons-beanutils\commons-beanutils\1.9.2\commons-beanutils-1.9.2.jar;C:\Users\p.alakeem.abdulla\.m2\repository\commons-collections\commons-collections\3.2.1\commons-collections-3.2.1.jar;C:\Users\p.alakeem.abdulla\.m2\repository\org\apache\xmlgraphics\xmlgraphics-commons\1.4\xmlgraphics-commons-1.4.jar;C:\Users\p.alakeem.abdulla\.m2\repository\com\lowagie\itext\2.1.7\itext-2.1.7.jar;C:\Users\p.alakeem.abdulla\.m2\repository\org\apache\pdfbox\pdfbox-tools\2.0.21\pdfbox-tools-2.0.21.jar;C:\Users\p.alakeem.abdulla\.m2\repository\org\apache\pdfbox\pdfbox-debugger\2.0.21\pdfbox-debugger-2.0.21.jar;C:\Users\p.alakeem.abdulla\.m2\repository\org\apache\pdfbox\jbig2-imageio\3.0.3\jbig2-imageio-3.0.3.jar;C:\Users\p.alakeem.abdulla\.m2\repository\net\sourceforge\lept4j\lept4j\1.13.2\lept4j-1.13.2.jar;C:\Users\p.alakeem.abdulla\.m2\repository\org\jboss\jboss-vfs\3.2.15.Final\jboss-vfs-3.2.15.Final.jar;C:\Users\p.alakeem.abdulla\.m2\repository\org\jboss\logging\jboss-logging\3.1.4.GA\jboss-logging-3.1.4.GA.jar;C:\Users\p.alakeem.abdulla\.m2\repository\org\slf4j\slf4j-nop\1.7.28\slf4j-nop-1.7.28.jar;C:\Users\p.alakeem.abdulla\.m2\repository\net\sf\py4j\py4j\0.10.9.1\py4j-0.10.9.1.jar;C:\Users\p.alakeem.abdulla\.m2\repository\junit\junit\4.11\junit-4.11.jar;C:\Users\p.alakeem.abdulla\.m2\repository\org\hamcrest\hamcrest-core\1.3\hamcrest-core-1.3.jar;"/>
    <property name="sun.cpu.endian" value="little"/>
    <property name="user.home" value="C:\Users\p.alakeem.abdulla"/>
    <property name="user.language" value="en"/>
    <property name="java.specification.vendor" value="Oracle Corporation"/>
    <property name="java.version.date" value="2022-04-22"/>
    <property name="java.home" value="C:\Program Files\Java\jdk-11.0.15.1"/>
    <property name="file.separator" value="\"/>
    <property name="basedir" value="C:\Users\p.alakeem.abdulla\projectEARF"/>
    <property name="java.vm.compressedOopsMode" value="32-bit"/>
    <property name="line.separator" value="&#10;"/>
    <property name="java.specification.name" value="Java Platform API Specification"/>
    <property name="java.vm.specification.vendor" value="Oracle Corporation"/>
    <property name="java.awt.graphicsenv" value="sun.awt.Win32GraphicsEnvironment"/>
    <property name="surefire.real.class.path" value="C:\Users\PALAKE~1.ABD\AppData\Local\Temp\surefire1331321362775437605\surefirebooter2521389527604950306.jar"/>
    <property name="user.script" value=""/>
    <property name="sun.management.compiler" value="HotSpot 64-Bit Tiered Compilers"/>
    <property name="java.runtime.version" value="11.0.15.1+2-LTS-10"/>
    <property name="user.name" value="p.alakeem.abdulla"/>
    <property name="path.separator" value=";"/>
    <property name="os.version" value="10.0"/>
    <property name="java.runtime.name" value="Java(TM) SE Runtime Environment"/>
    <property name="file.encoding" value="Cp1252"/>
    <property name="java.vm.name" value="Java HotSpot(TM) 64-Bit Server VM"/>
    <property name="java.vendor.version" value="18.9"/>
    <property name="localRepository" value="C:\Users\p.alakeem.abdulla\.m2\repository"/>
    <property name="java.vendor.url.bug" value="https://bugreport.java.com/bugreport/"/>
    <property name="java.io.tmpdir" value="C:\Users\PALAKE~1.ABD\AppData\Local\Temp\"/>
    <property name="java.version" value="11.0.15.1"/>
    <property name="user.dir" value="C:\Users\p.alakeem.abdulla\projectEARF"/>
    <property name="os.arch" value="amd64"/>
    <property name="java.vm.specification.name" value="Java Virtual Machine Specification"/>
    <property name="java.awt.printerjob" value="sun.awt.windows.WPrinterJob"/>
    <property name="sun.os.patch.level" value=""/>
    <property name="java.library.path" value="C:\Program Files\Java\jdk-11.0.15.1\bin;C:\Windows\Sun\Java\bin;C:\Windows\system32;C:\Windows;C:\Program Files\Common Files\Oracle\Java\javapath;D:\app\Internal_IT\product\11.2.0\client_1;C:\Windows\system32;C:\Windows;C:\Windows\System32\Wbem;C:\Windows\System32\WindowsPowerShell\v1.0\;C:\Windows\System32\OpenSSH\;C:\Program Files\nodejs\;C:\Program Files\Java\jdk-11.0.15.1\bin;C:\Users\p.alakeem.abdulla\eclipse\java-2022-03\eclipse\apache-maven-3.8.5\bin;%M2_HOME%\bin;;C:\Program Files\Docker\Docker\resources\bin;C:\ProgramData\DockerDesktop\version-bin;C:\Users\p.alakeem.abdulla\AppData\Local\Microsoft\WindowsApps;C:\Users\p.alakeem.abdulla\AppData\Local\Programs\Microsoft VS Code\bin;C:\Users\p.alakeem.abdulla\AppData\Local\Programs\Git\cmd;C:\Users\p.alakeem.abdulla\AppData\Roaming\npm;."/>
    <property name="java.vendor" value="Oracle Corporation"/>
    <property name="java.vm.info" value="mixed mode"/>
    <property name="java.vm.version" value="11.0.15.1+2-LTS-10"/>
    <property name="sun.io.unicode.encoding" value="UnicodeLittle"/>
    <property name="java.class.version" value="55.0"/>
  </properties>
  <testcase name="EARF1stTest" classname="com.converge.projectEARF.AppTest" time="9.267"/>
  <testcase name="EARF2ndTest" classname="com.converge.projectEARF.AppTest" time="9.031"/>
  <testcase name="EARF3ndTest" classname="com.converge.projectEARF.AppTest" time="9.688"/>
  <testcase name="EARF4thTest" classname="com.converge.projectEARF.AppTest" time="8.287"/>
  <testcase name="EARF5thTest" classname="com.converge.projectEARF.AppTest" time="9.087"/>
  <testcase name="EARF7thTest" classname="com.converge.projectEARF.AppTest" time="5.684"/>
  <testcase name="EARF8thTest" classname="com.converge.projectEARF.AppTest" time="17.644"/>
  <testcase name="EARFWebPage" classname="com.converge.projectEARF.AppTest" time="26.224"/>
</testsuite>