<?xml version="1.0" encoding="UTF-8"?>
<!-- Generated by org.testng.reporters.JUnitReportReporter -->
<testsuite hostname="CICTRELWKSL308" failures="0" tests="1" name="com.converge.projectEARF.AppTest" time="15.299" errors="0" timestamp="2022-06-16T15:04:35 SGT" skipped="0">
  <testcase classname="com.converge.projectEARF.AppTest" name="EARF1stTest" time="15.299"/>
  <system-out/>
</testsuite> <!-- com.converge.projectEARF.AppTest -->
