<?xml version="1.0" encoding="UTF-8"?>
<!-- Generated by org.testng.reporters.JUnitReportReporter -->
<testsuite hostname="CICTRELWKSL308" failures="0" tests="1" name="com.converge.assertNull.assertTest" time="14.136" errors="0" timestamp="2022-06-16T15:20:18 SGT" skipped="0">
  <testcase classname="com.converge.assertNull.assertTest" name="assertTextStyle" time="14.136"/>
  <system-out/>
</testsuite> <!-- com.converge.assertNull.assertTest -->
