<?xml version="1.0" encoding="UTF-8"?>
<!-- Generated by org.testng.reporters.JUnitReportReporter -->
<testsuite hostname="CICTRELWKSL308" failures="0" tests="8" name="com.converge.projectEARF.AppTest" time="120.829" errors="0" timestamp="2022-06-15T16:25:18 SGT" skipped="0">
  <testcase classname="com.converge.projectEARF.AppTest" name="EARF1stTest" time="11.949"/>
  <system-out/>
  <testcase classname="com.converge.projectEARF.AppTest" name="EARF2ndTest" time="12.588"/>
  <system-out/>
  <testcase classname="com.converge.projectEARF.AppTest" name="EARF3ndTest" time="11.866"/>
  <system-out/>
  <testcase classname="com.converge.projectEARF.AppTest" name="EARF4thTest" time="11.297"/>
  <system-out/>
  <testcase classname="com.converge.projectEARF.AppTest" name="EARF5thTest" time="11.137"/>
  <system-out/>
  <testcase classname="com.converge.projectEARF.AppTest" name="EARF7thTest" time="8.301"/>
  <system-out/>
  <testcase classname="com.converge.projectEARF.AppTest" name="EARF8thTest" time="20.415"/>
  <system-out/>
  <testcase classname="com.converge.projectEARF.AppTest" name="EARFWebPage" time="33.276"/>
  <system-out/>
</testsuite> <!-- com.converge.projectEARF.AppTest -->
